Log file open, 01/04/18 20:53:53
LogWindows: Failed to load 'aqProf.dll' (GetLastError=126)
LogWindows: File 'aqProf.dll' does not exist
LogWindows: Failed to load 'VSPerf140.dll' (GetLastError=126)
LogWindows: File 'VSPerf140.dll' does not exist
LogWindows: Failed to load 'VtuneApi.dll' (GetLastError=126)
LogWindows: File 'VtuneApi.dll' does not exist
LogWindows: Failed to load 'VtuneApi32e.dll' (GetLastError=126)
LogWindows: File 'VtuneApi32e.dll' does not exist
LogInit: Display: Running engine for game: MyProject2
LogPlatformFile: Not using cached read wrapper
LogInit: Display: RandInit(1307717703) SRandInit(1307717704).
LogInit: Read version file with build ID '3709383'
LogInit: Overriding engine version to CL 3794801, compatible CL 3709383
LogInit: Registered custom module enumerator with build ID '3709383'
LogTaskGraph: Started task graph with 5 named threads and 26 total threads with 3 sets of task threads.
LogStats: Stats thread started at 0.314762
LogD3D11RHI: Aftermath initialized
LogModuleManager: Display: Found up-to-date module file ../../../Engine/Plugins/2D/Paper2D/Binaries/Win64/UE4Editor-Paper2D.dll (API version 3709383).
LogModuleManager: Display: Found up-to-date module file ../../../Engine/Plugins/2D/Paper2D/Binaries/Win64/UE4Editor-Paper2DEditor.dll (API version 3709383).
LogModuleManager: Display: Found up-to-date module file ../../../Engine/Plugins/2D/Paper2D/Binaries/Win64/UE4Editor-PaperSpriteSheetImporter.dll (API version 3709383).
LogModuleManager: Display: Found up-to-date module file ../../../Engine/Plugins/2D/Paper2D/Binaries/Win64/UE4Editor-PaperTiledImporter.dll (API version 3709383).
LogModuleManager: Display: Found up-to-date module file ../../../Engine/Plugins/2D/Paper2D/Binaries/Win64/UE4Editor-SmartSnapping.dll (API version 3709383).
LogModuleManager: Display: Found up-to-date module file ../../../Engine/Plugins/Blendables/LightPropagationVolume/Binaries/Win64/UE4Editor-LightPropagationVolumeRuntime.dll (API version 3709383).
LogModuleManager: Display: Found up-to-date module file ../../../Engine/Plugins/Blendables/LightPropagationVolume/Binaries/Win64/UE4Editor-LightPropagationVolumeEditor.dll (API version 3709383).
LogModuleManager: Display: Found up-to-date module file ../../../Engine/Plugins/Developer/GitSourceControl/Binaries/Win64/UE4Editor-GitSourceControl.dll (API version 3709383).
LogModuleManager: Display: Found up-to-date module file ../../../Engine/Plugins/Developer/PerforceSourceControl/Binaries/Win64/UE4Editor-PerforceSourceControl.dll (API version 3709383).
LogModuleManager: Display: Found up-to-date module file ../../../Engine/Plugins/Developer/SubversionSourceControl/Binaries/Win64/UE4Editor-SubversionSourceControl.dll (API version 3709383).
LogModuleManager: Display: Found up-to-date module file ../../../Engine/Plugins/Developer/UObjectPlugin/Binaries/Win64/UE4Editor-UObjectPlugin.dll (API version 3709383).
LogModuleManager: Display: Found up-to-date module file ../../../Engine/Plugins/Developer/VisualStudioCodeSourceCodeAccess/Binaries/Win64/UE4Editor-VisualStudioCodeSourceCodeAccess.dll (API version 3709383).
LogModuleManager: Display: Found up-to-date module file ../../../Engine/Plugins/Developer/VisualStudioSourceCodeAccess/Binaries/Win64/UE4Editor-VisualStudioSourceCodeAccess.dll (API version 3709383).
LogModuleManager: Display: Found up-to-date module file ../../../Engine/Plugins/Editor/AssetManagerEditor/Binaries/Win64/UE4Editor-AssetManagerEditor.dll (API version 3709383).
LogModuleManager: Display: Found up-to-date module file ../../../Engine/Plugins/Editor/AudioCapture/Binaries/Win64/UE4Editor-AudioCapture.dll (API version 3709383).
LogModuleManager: Display: Found up-to-date module file ../../../Engine/Plugins/Editor/FacialAnimation/Binaries/Win64/UE4Editor-FacialAnimation.dll (API version 3709383).
LogModuleManager: Display: Found up-to-date module file ../../../Engine/Plugins/Editor/FacialAnimation/Binaries/Win64/UE4Editor-FacialAnimationEditor.dll (API version 3709383).
LogModuleManager: Display: Found up-to-date module file ../../../Engine/Plugins/Editor/GameplayTagsEditor/Binaries/Win64/UE4Editor-GameplayTagsEditor.dll (API version 3709383).
LogModuleManager: Display: Found up-to-date module file ../../../Engine/Plugins/Editor/MobileLauncherProfileWizard/Binaries/Win64/UE4Editor-MobileLauncherProfileWizard.dll (API version 3709383).
LogModuleManager: Display: Found up-to-date module file ../../../Engine/Plugins/Editor/PluginBrowser/Binaries/Win64/UE4Editor-PluginBrowser.dll (API version 3709383).
LogModuleManager: Display: Found up-to-date module file ../../../Engine/Plugins/Editor/SpeedTreeImporter/Binaries/Win64/UE4Editor-SpeedTreeImporter.dll (API version 3709383).
LogModuleManager: Display: Found up-to-date module file ../../../Engine/Plugins/Experimental/AlembicImporter/Binaries/Win64/UE4Editor-AlembicImporter.dll (API version 3709383).
LogModuleManager: Display: Found up-to-date module file ../../../Engine/Plugins/Experimental/AlembicImporter/Binaries/Win64/UE4Editor-AlembicLibrary.dll (API version 3709383).
LogModuleManager: Display: Found up-to-date module file ../../../Engine/Plugins/Experimental/CharacterAI/Binaries/Win64/UE4Editor-CharacterAI.dll (API version 3709383).
LogModuleManager: Display: Found up-to-date module file ../../../Engine/Plugins/Experimental/HTML5Networking/Binaries/Win64/UE4Editor-HTML5Networking.dll (API version 3709383).
LogModuleManager: Display: Found up-to-date module file ../../../Engine/Plugins/Media/AndroidMedia/Binaries/Win64/UE4Editor-AndroidMediaEditor.dll (API version 3709383).
LogModuleManager: Display: Found up-to-date module file ../../../Engine/Plugins/Media/AndroidMedia/Binaries/Win64/UE4Editor-AndroidMediaFactory.dll (API version 3709383).
LogModuleManager: Display: Found up-to-date module file ../../../Engine/Plugins/Media/AvfMedia/Binaries/Win64/UE4Editor-AvfMediaEditor.dll (API version 3709383).
LogModuleManager: Display: Found up-to-date module file ../../../Engine/Plugins/Media/AvfMedia/Binaries/Win64/UE4Editor-AvfMediaFactory.dll (API version 3709383).
LogModuleManager: Display: Found up-to-date module file ../../../Engine/Plugins/Media/AvfMedia/Binaries/Win64/UE4Editor-AvfMediaFactory.dll (API version 3709383).
LogModuleManager: Display: Found up-to-date module file ../../../Engine/Plugins/Media/ImgMedia/Binaries/Win64/UE4Editor-ImgMedia.dll (API version 3709383).
LogModuleManager: Display: Found up-to-date module file ../../../Engine/Plugins/Media/ImgMedia/Binaries/Win64/UE4Editor-ImgMediaEditor.dll (API version 3709383).
LogModuleManager: Display: Found up-to-date module file ../../../Engine/Plugins/Media/ImgMedia/Binaries/Win64/UE4Editor-ImgMediaFactory.dll (API version 3709383).
LogModuleManager: Display: Found up-to-date module file ../../../Engine/Plugins/Media/ImgMedia/Binaries/Win64/UE4Editor-ImgMediaFactory.dll (API version 3709383).
LogModuleManager: Display: Found up-to-date module file ../../../Engine/Plugins/Media/ImgMedia/Binaries/Win64/UE4Editor-OpenExrWrapper.dll (API version 3709383).
LogModuleManager: Display: Found up-to-date module file ../../../Engine/Plugins/Media/MediaCompositing/Binaries/Win64/UE4Editor-MediaCompositing.dll (API version 3709383).
LogModuleManager: Display: Found up-to-date module file ../../../Engine/Plugins/Media/MediaCompositing/Binaries/Win64/UE4Editor-MediaCompositingEditor.dll (API version 3709383).
LogModuleManager: Display: Found up-to-date module file ../../../Engine/Plugins/Media/MediaPlayerEditor/Binaries/Win64/UE4Editor-MediaPlayerEditor.dll (API version 3709383).
LogModuleManager: Display: Found up-to-date module file ../../../Engine/Plugins/Media/WmfMedia/Binaries/Win64/UE4Editor-WmfMedia.dll (API version 3709383).
LogModuleManager: Display: Found up-to-date module file ../../../Engine/Plugins/Media/WmfMedia/Binaries/Win64/UE4Editor-WmfMediaEditor.dll (API version 3709383).
LogModuleManager: Display: Found up-to-date module file ../../../Engine/Plugins/Media/WmfMedia/Binaries/Win64/UE4Editor-WmfMediaFactory.dll (API version 3709383).
LogModuleManager: Display: Found up-to-date module file ../../../Engine/Plugins/Media/WmfMedia/Binaries/Win64/UE4Editor-WmfMediaFactory.dll (API version 3709383).
LogModuleManager: Display: Found up-to-date module file ../../../Engine/Plugins/Messaging/TcpMessaging/Binaries/Win64/UE4Editor-TcpMessaging.dll (API version 3709383).
LogModuleManager: Display: Found up-to-date module file ../../../Engine/Plugins/Messaging/UdpMessaging/Binaries/Win64/UE4Editor-UdpMessaging.dll (API version 3709383).
LogModuleManager: Display: Found up-to-date module file ../../../Engine/Plugins/MovieScene/ActorSequence/Binaries/Win64/UE4Editor-ActorSequence.dll (API version 3709383).
LogModuleManager: Display: Found up-to-date module file ../../../Engine/Plugins/MovieScene/LevelSequenceEditor/Binaries/Win64/UE4Editor-LevelSequenceEditor.dll (API version 3709383).
LogModuleManager: Display: Found up-to-date module file ../../../Engine/Plugins/MovieScene/MatineeToLevelSequence/Binaries/Win64/UE4Editor-MatineeToLevelSequence.dll (API version 3709383).
LogModuleManager: Display: Found up-to-date module file ../../../Engine/Plugins/Online/OnlineSubsystem/Binaries/Win64/UE4Editor-OnlineSubsystem.dll (API version 3709383).
LogModuleManager: Display: Found up-to-date module file ../../../Engine/Plugins/Runtime/AndroidPermission/Binaries/Win64/UE4Editor-AndroidPermission.dll (API version 3709383).
LogModuleManager: Display: Found up-to-date module file ../../../Engine/Plugins/Online/OnlineSubsystemNull/Binaries/Win64/UE4Editor-OnlineSubsystemNull.dll (API version 3709383).
LogModuleManager: Display: Found up-to-date module file ../../../Engine/Plugins/Online/OnlineSubsystemUtils/Binaries/Win64/UE4Editor-OnlineSubsystemUtils.dll (API version 3709383).
LogModuleManager: Display: Found up-to-date module file ../../../Engine/Plugins/Online/OnlineSubsystemUtils/Binaries/Win64/UE4Editor-OnlineBlueprintSupport.dll (API version 3709383).
LogModuleManager: Display: Found up-to-date module file ../../../Engine/Plugins/Runtime/AndroidDeviceProfileSelector/Binaries/Win64/UE4Editor-AndroidDeviceProfileSelector.dll (API version 3709383).
LogModuleManager: Display: Found up-to-date module file ../../../Engine/Plugins/Runtime/AppleARKit/Binaries/Win64/UE4Editor-AppleARKit.dll (API version 3709383).
LogModuleManager: Display: Found up-to-date module file ../../../Engine/Plugins/Runtime/ArchVisCharacter/Binaries/Win64/UE4Editor-ArchVisCharacter.dll (API version 3709383).
LogModuleManager: Display: Found up-to-date module file ../../../Engine/Plugins/Runtime/CableComponent/Binaries/Win64/UE4Editor-CableComponent.dll (API version 3709383).
LogModuleManager: Display: Found up-to-date module file ../../../Engine/Plugins/Runtime/CustomMeshComponent/Binaries/Win64/UE4Editor-CustomMeshComponent.dll (API version 3709383).
LogModuleManager: Display: Found up-to-date module file ../../../Engine/Plugins/Runtime/ExampleDeviceProfileSelector/Binaries/Win64/UE4Editor-ExampleDeviceProfileSelector.dll (API version 3709383).
LogModuleManager: Display: Found up-to-date module file ../../../Engine/Plugins/Runtime/ImmediatePhysics/Binaries/Win64/UE4Editor-ImmediatePhysics.dll (API version 3709383).
LogModuleManager: Display: Found up-to-date module file ../../../Engine/Plugins/Runtime/ImmediatePhysics/Binaries/Win64/UE4Editor-ImmediatePhysicsEditor.dll (API version 3709383).
LogModuleManager: Display: Found up-to-date module file ../../../Engine/Plugins/Runtime/LocationServicesBPLibrary/Binaries/Win64/UE4Editor-LocationServicesBPLibrary.dll (API version 3709383).
LogModuleManager: Display: Found up-to-date module file ../../../Engine/Plugins/Runtime/MobilePatchingUtils/Binaries/Win64/UE4Editor-MobilePatchingUtils.dll (API version 3709383).
LogModuleManager: Display: Found up-to-date module file ../../../Engine/Plugins/Runtime/Oculus/OculusVR/Binaries/Win64/UE4Editor-OculusHMD.dll (API version 3709383).
LogModuleManager: Display: Found up-to-date module file ../../../Engine/Plugins/Runtime/Oculus/OculusVR/Binaries/Win64/UE4Editor-OculusInput.dll (API version 3709383).
LogModuleManager: Display: Found up-to-date module file ../../../Engine/Plugins/Runtime/Oculus/OculusVR/Binaries/Win64/UE4Editor-OculusEditor.dll (API version 3709383).
LogModuleManager: Display: Found up-to-date module file ../../../Engine/Plugins/Runtime/PhysXVehicles/Binaries/Win64/UE4Editor-PhysXVehicles.dll (API version 3709383).
LogModuleManager: Display: Found up-to-date module file ../../../Engine/Plugins/Runtime/PhysXVehicles/Binaries/Win64/UE4Editor-PhysXVehiclesEditor.dll (API version 3709383).
LogModuleManager: Display: Found up-to-date module file ../../../Engine/Plugins/Runtime/ProceduralMeshComponent/Binaries/Win64/UE4Editor-ProceduralMeshComponent.dll (API version 3709383).
LogModuleManager: Display: Found up-to-date module file ../../../Engine/Plugins/Runtime/ProceduralMeshComponent/Binaries/Win64/UE4Editor-ProceduralMeshComponentEditor.dll (API version 3709383).
LogModuleManager: Display: Found up-to-date module file ../../../Engine/Plugins/Runtime/RuntimePhysXCooking/Binaries/Win64/UE4Editor-RuntimePhysXCooking.dll (API version 3709383).
LogModuleManager: Display: Found up-to-date module file ../../../Engine/Plugins/Runtime/Steam/SteamVR/Binaries/Win64/UE4Editor-SteamVR.dll (API version 3709383).
LogModuleManager: Display: Found up-to-date module file ../../../Engine/Plugins/Runtime/Steam/SteamVR/Binaries/Win64/UE4Editor-SteamVRController.dll (API version 3709383).
LogModuleManager: Display: Found up-to-date module file ../../../Engine/Plugins/Runtime/WindowsMoviePlayer/Binaries/Win64/UE4Editor-WindowsMoviePlayer.dll (API version 3709383).
LogPluginManager: Mounting plugin Paper2D
LogPluginManager: Mounting plugin LightPropagationVolume
LogPluginManager: Mounting plugin CodeLiteSourceCodeAccess
LogPluginManager: Mounting plugin GitSourceControl
LogPluginManager: Mounting plugin KDevelopSourceCodeAccess
LogPluginManager: Mounting plugin NullSourceCodeAccess
LogPluginManager: Mounting plugin PerforceSourceControl
LogPluginManager: Mounting plugin SubversionSourceControl
LogPluginManager: Mounting plugin UObjectPlugin
LogPluginManager: Mounting plugin VisualStudioCodeSourceCodeAccess
LogPluginManager: Mounting plugin VisualStudioSourceCodeAccess
LogPluginManager: Mounting plugin XCodeSourceCodeAccess
LogPluginManager: Mounting plugin AssetManagerEditor
LogPluginManager: Mounting plugin AudioCapture
LogPluginManager: Mounting plugin FacialAnimation
LogPluginManager: Mounting plugin GameplayTagsEditor
LogPluginManager: Mounting plugin MobileLauncherProfileWizard
LogPluginManager: Mounting plugin PluginBrowser
LogPluginManager: Mounting plugin SpeedTreeImporter
LogPluginManager: Mounting plugin AlembicImporter
LogPluginManager: Mounting plugin CharacterAI
LogPluginManager: Mounting plugin HTML5Networking
LogPluginManager: Mounting plugin AndroidMedia
LogPluginManager: Mounting plugin AvfMedia
LogPluginManager: Mounting plugin ImgMedia
LogPluginManager: Mounting plugin MediaCompositing
LogPluginManager: Mounting plugin MediaPlayerEditor
LogPluginManager: Mounting plugin WmfMedia
LogPluginManager: Mounting plugin TcpMessaging
LogPluginManager: Mounting plugin UdpMessaging
LogPluginManager: Mounting plugin ActorSequence
LogPluginManager: Mounting plugin LevelSequenceEditor
LogPluginManager: Mounting plugin MatineeToLevelSequence
LogPluginManager: Mounting plugin OnlineSubsystemGooglePlay
LogPluginManager: Mounting plugin OnlineSubsystemIOS
LogPluginManager: Mounting plugin OnlineSubsystem
LogPluginManager: Mounting plugin OnlineSubsystemNull
LogPluginManager: Mounting plugin OnlineSubsystemUtils
LogPluginManager: Mounting plugin AndroidDeviceProfileSelector
LogPluginManager: Mounting plugin AndroidMoviePlayer
LogPluginManager: Mounting plugin AndroidPermission
LogPluginManager: Mounting plugin AppleARKit
LogPluginManager: Mounting plugin AppleMoviePlayer
LogPluginManager: Mounting plugin ArchVisCharacter
LogPluginManager: Mounting plugin CableComponent
LogPluginManager: Mounting plugin CustomMeshComponent
LogPluginManager: Mounting plugin ExampleDeviceProfileSelector
LogPluginManager: Mounting plugin GoogleCloudMessaging
LogPluginManager: Mounting plugin ImmediatePhysics
LogPluginManager: Mounting plugin IOSDeviceProfileSelector
LogPluginManager: Mounting plugin LinuxDeviceProfileSelector
LogPluginManager: Mounting plugin LocationServicesBPLibrary
LogPluginManager: Mounting plugin MobilePatchingUtils
LogPluginManager: Mounting plugin OculusVR
LogPluginManager: Plugin shader directory ../../../Engine/Plugins/Runtime/Oculus/OculusVR/Shaders found
LogPluginManager: Mapping shader source directory ../../../Engine/Plugins/Runtime/Oculus/OculusVR/Shaders to virtual directory /Plugin/OculusVR
LogPluginManager: Mounting plugin PhysXVehicles
LogPluginManager: Mounting plugin ProceduralMeshComponent
LogPluginManager: Mounting plugin RuntimePhysXCooking
LogPluginManager: Mounting plugin SteamVR
LogPluginManager: Mounting plugin WindowsMoviePlayer
LogInit: Using libcurl 7.47.1
LogInit:  - built for x86_64-pc-win32
LogInit:  - supports SSL with OpenSSL/1.0.2g
LogInit:  - supports HTTP deflate (compression) using libz 1.2.8
LogInit:  - other features:
LogInit:      CURL_VERSION_SSL
LogInit:      CURL_VERSION_LIBZ
LogInit:      CURL_VERSION_IPV6
LogInit:      CURL_VERSION_ASYNCHDNS
LogInit:      CURL_VERSION_LARGEFILE
LogInit:      CURL_VERSION_IDN
LogInit:  CurlRequestOptions (configurable via config and command line):
LogInit:  - bVerifyPeer = false  - Libcurl will NOT verify peer certificate
LogInit:  - bUseHttpProxy = false  - Libcurl will NOT use HTTP proxy
LogInit:  - bDontReuseConnections = false  - Libcurl will reuse connections
LogInit:  - CertBundlePath = nullptr  - Libcurl will use whatever was configured at build time.
LogInit: Build: ++UE4+Release-4.18-CL-3794801
LogInit: Engine Version: 4.18.2-3794801+++UE4+Release-4.18
LogInit: Compatible Engine Version: 4.18.0-3709383+++UE4+Release-4.18
LogInit: Net CL: 3709383
LogDevObjectVersion: Number of dev versions registered: 16
LogDevObjectVersion:   Dev-Blueprints (B0D832E4-1F89-4F0D-ACCF-7EB736FD4AA2): 10
LogDevObjectVersion:   Dev-Build (E1C64328-A22C-4D53-A36C-8E866417BD8C): 0
LogDevObjectVersion:   Dev-Core (375EC13C-06E4-48FB-B500-84F0262A717E): 2
LogDevObjectVersion:   Dev-Editor (E4B068ED-F494-42E9-A231-DA0B2E46BB41): 20
LogDevObjectVersion:   Dev-Framework (CFFC743F-43B0-4480-9391-14DF171D2073): 30
LogDevObjectVersion:   Dev-Mobile (B02B49B5-BB20-44E9-A304-32B752E40360): 0
LogDevObjectVersion:   Dev-Networking (A4E4105C-59A1-49B5-A7C5-40C4547EDFEE): 0
LogDevObjectVersion:   Dev-Online (39C831C9-5AE6-47DC-9A44-9C173E1C8E7C): 0
LogDevObjectVersion:   Dev-Physics (78F01B33-EBEA-4F98-B9B4-84EACCB95AA2): 0
LogDevObjectVersion:   Dev-Platform (6631380F-2D4D-43E0-8009-CF276956A95A): 0
LogDevObjectVersion:   Dev-Rendering (12F88B9F-8875-4AFC-A67C-D90C383ABD29): 20
LogDevObjectVersion:   Dev-Sequencer (7B5AE74C-D270-4C10-A958-57980B212A5A): 4
LogDevObjectVersion:   Dev-VR (D7296918-1DD6-4BDD-9DE2-64A83CC13884): 0
LogDevObjectVersion:   Dev-LoadTimes (C2A15278-BFE7-4AFE-6C17-90FF531DF755): 1
LogDevObjectVersion:   Private-Geometry (6EACA3D4-40EC-4CC1-B786-8BED09428FC5): 1
LogDevObjectVersion:   Dev-AnimPhys (29E575DD-E0A3-4627-9D10-D276232CDCEA): 12
LogInit: Compiled (64-bit): Dec  8 2017 02:04:53
LogInit: Compiled with Visual C++: 19.00.24215.01
LogInit: Build Configuration: Development
LogInit: Branch Name: ++UE4+Release-4.18
LogInit: Command line: -EpicPortal 
LogInit: Base directory: K:/UE_4.18/Engine/Binaries/Win64/
LogInit: Installed Engine Build: 1
LogInit: Presizing for max 8388607 objects, including 0 objects not considered by GC, pre-allocating 0 bytes for permanent pool.
LogInit: Object subsystem initialized
[2018.01.05-01.53.54:324][  0]LogInit: Selected Device Profile: [Windows]
[2018.01.05-01.53.54:324][  0]LogInit: Applying CVar settings loaded from the selected device profile: [Windows]
[2018.01.05-01.53.54:341][  0]LogInit: Computer: TOMMY-PC
[2018.01.05-01.53.54:341][  0]LogInit: User: Tommy
[2018.01.05-01.53.54:341][  0]LogInit: CPU Page size=4096, Cores=8
[2018.01.05-01.53.54:341][  0]LogInit: High frequency timer resolution =3.314088 MHz
[2018.01.05-01.53.54:341][  0]LogMemory: Memory total: Physical=31.9GB (32GB approx)
[2018.01.05-01.53.54:341][  0]LogMemory: Platform Memory Stats for Windows
[2018.01.05-01.53.54:341][  0]LogMemory: Process Physical Memory: 276.25 MB used, 276.25 MB peak
[2018.01.05-01.53.54:341][  0]LogMemory: Process Virtual Memory: 270.81 MB used, 270.81 MB peak
[2018.01.05-01.53.54:341][  0]LogMemory: Physical Memory: 7171.55 MB used,  25524.34 MB free, 32695.88 MB total
[2018.01.05-01.53.54:341][  0]LogMemory: Virtual Memory: 688.16 MB used,  25524.34 MB free, 134217728.00 MB total
[2018.01.05-01.53.54:459][  0]LogInit: Using OS detected language (en-US).
[2018.01.05-01.53.54:459][  0]LogInit: Using OS detected locale (en-US).
[2018.01.05-01.53.54:462][  0]LogTextLocalizationManager: No specific localization for 'en-US' exists, so the 'en' localization will be used.
[2018.01.05-01.53.54:902][  0]LogInit: Setting process to per monitor DPI aware
[2018.01.05-01.53.55:186][  0]LogD3D11RHI: D3D11 adapters:
[2018.01.05-01.53.55:252][  0]LogD3D11RHI:    0. 'NVIDIA GeForce GTX 1070' (Feature Level 11_0)
[2018.01.05-01.53.55:252][  0]LogD3D11RHI:       8096/0/16347 MB DedicatedVideo/DedicatedSystem/SharedSystem, Outputs:2, VendorId:0x10de
[2018.01.05-01.53.55:254][  0]LogD3D11RHI:    1. 'Microsoft Basic Render Driver' (Feature Level 11_0)
[2018.01.05-01.53.55:254][  0]LogD3D11RHI:       0/0/16347 MB DedicatedVideo/DedicatedSystem/SharedSystem, Outputs:0, VendorId:0x1414
[2018.01.05-01.53.55:254][  0]LogD3D11RHI: Chosen D3D11 Adapter: 0
[2018.01.05-01.53.55:262][  0]LogD3D11RHI: Creating new Direct3DDevice
[2018.01.05-01.53.55:262][  0]LogD3D11RHI:     GPU DeviceId: 0x1b81 (for the marketing name, search the web for "GPU Device Id")
[2018.01.05-01.53.55:262][  0]LogWindows: EnumDisplayDevices:
[2018.01.05-01.53.55:263][  0]LogWindows:    0. 'NVIDIA GeForce GTX 1070' (P:1 D:1)
[2018.01.05-01.53.55:263][  0]LogWindows:    1. 'NVIDIA GeForce GTX 1070' (P:0 D:1)
[2018.01.05-01.53.55:263][  0]LogWindows:    2. 'NVIDIA GeForce GTX 1070' (P:0 D:0)
[2018.01.05-01.53.55:263][  0]LogWindows:    3. 'NVIDIA GeForce GTX 1070' (P:0 D:0)
[2018.01.05-01.53.55:263][  0]LogWindows: DebugString: GetVideoDriverDetailsInvalid PrimaryIsNotTheChoosenAdapter GetVideoDriverDetailsInvalid PrimaryIsNotTheChoosenAdapter GetVideoDriverDetailsInvalid PrimaryIsNotTheChoosenAdapter GetVideoDriverDetailsInvalid PrimaryIsNotTheChoosenAdapter FoundDriverCount:0 
[2018.01.05-01.53.55:263][  0]LogD3D11RHI:     Adapter Name: NVIDIA GeForce GTX 1070
[2018.01.05-01.53.55:264][  0]LogD3D11RHI:   Driver Version: Unknown (internal:Unknown, unified:Unknown)
[2018.01.05-01.53.55:264][  0]LogD3D11RHI:      Driver Date: Unknown
[2018.01.05-01.53.55:264][  0]LogRHI: Texture pool is 5667 MB (70% of 8096 MB)
[2018.01.05-01.53.55:294][  0]LogD3D11RHI: Async texture creation enabled
[2018.01.05-01.53.55:353][  0]LogD3D11RHI: GPU Timing Frequency: 1000.000000 (Debug: 2 1)
[2018.01.05-01.53.55:446][  0]LogShaderCompilers: Guid format shader working directory is -2 characters bigger than the processId version (C:/Users/Tommy/Documents/GitHub/Test/MyProject2/Intermediate/Shaders/WorkingDirectory/14304/).
[2018.01.05-01.53.55:446][  0]LogShaderCompilers: Cleaned the shader compiler working directory 'C:/Users/Tommy/AppData/Local/Temp/UnrealShaderWorkingDir/37522EA1413754E256C2DE91F26E5FF3/'.
[2018.01.05-01.53.55:446][  0]LogShaderCompilers: Display: Using Local Shader Compiler.
[2018.01.05-01.53.56:480][  0]LogTemp: Display: Loaded TP AllDesktopTargetPlatform
[2018.01.05-01.53.56:531][  0]LogTemp: Display: Loaded TP MacClientTargetPlatform
[2018.01.05-01.53.56:593][  0]LogTemp: Display: Loaded TP MacNoEditorTargetPlatform
[2018.01.05-01.53.56:641][  0]LogTemp: Display: Loaded TP MacServerTargetPlatform
[2018.01.05-01.53.56:688][  0]LogTemp: Display: Loaded TP MacTargetPlatform
[2018.01.05-01.53.56:734][  0]LogTemp: Display: Loaded TP WindowsClientTargetPlatform
[2018.01.05-01.53.56:781][  0]LogTemp: Display: Loaded TP WindowsNoEditorTargetPlatform
[2018.01.05-01.53.56:827][  0]LogTemp: Display: Loaded TP WindowsServerTargetPlatform
[2018.01.05-01.53.56:866][  0]LogTemp: Display: Loaded TP WindowsTargetPlatform
[2018.01.05-01.53.56:912][  0]LogTemp: Display: Loaded TP Android_ASTCTargetPlatform
[2018.01.05-01.53.56:957][  0]LogTemp: Display: Loaded TP Android_ATCTargetPlatform
[2018.01.05-01.53.57:002][  0]LogTemp: Display: Loaded TP Android_DXTTargetPlatform
[2018.01.05-01.53.57:048][  0]LogTemp: Display: Loaded TP Android_ETC1TargetPlatform
[2018.01.05-01.53.57:094][  0]LogTemp: Display: Loaded TP Android_ETC2TargetPlatform
[2018.01.05-01.53.57:184][  0]LogTemp: Display: Loaded TP Android_MultiTargetPlatform
[2018.01.05-01.53.57:184][  0]LogTemp: Display: Loaded TP Android_PVRTCTargetPlatform
[2018.01.05-01.53.57:228][  0]LogTemp: Display: Loaded TP AndroidTargetPlatform
[2018.01.05-01.53.57:260][  0]LogTemp: Display: Loaded TP HTML5TargetPlatform
[2018.01.05-01.53.57:342][  0]LogTemp: Display: Loaded TP IOSTargetPlatform
[2018.01.05-01.53.57:375][  0]LogTemp: Display: Loaded TP TVOSTargetPlatform
[2018.01.05-01.53.57:420][  0]LogTemp: Display: Loaded TP LinuxClientTargetPlatform
[2018.01.05-01.53.57:465][  0]LogTemp: Display: Loaded TP LinuxNoEditorTargetPlatform
[2018.01.05-01.53.57:510][  0]LogTemp: Display: Loaded TP LinuxServerTargetPlatform
[2018.01.05-01.53.57:554][  0]LogTemp: Display: Loaded TP LinuxTargetPlatform
[2018.01.05-01.53.57:554][  0]LogTargetPlatformManager: Display: Building Assets For Windows
[2018.01.05-01.53.57:970][  0]LogDerivedDataCache: Display: Max Cache Size: 512 MB
[2018.01.05-01.53.58:047][  0]LogDerivedDataCache: Loaded boot cache 0.08s 78MB C:/Users/Tommy/AppData/Local/UnrealEngine/4.18/DerivedDataCache/Boot.ddc.
[2018.01.05-01.53.58:047][  0]LogDerivedDataCache: Display: Loaded Boot cache: C:/Users/Tommy/AppData/Local/UnrealEngine/4.18/DerivedDataCache/Boot.ddc
[2018.01.05-01.53.58:047][  0]LogDerivedDataCache: FDerivedDataBackendGraph:  Pak pak cache file C:/Users/Tommy/Documents/GitHub/Test/MyProject2/DerivedDataCache/DDC.ddp not found, will not use a pak cache.
[2018.01.05-01.53.58:047][  0]LogDerivedDataCache: Unable to find inner node Pak for hierarchical cache Hierarchy.
[2018.01.05-01.53.58:047][  0]LogDerivedDataCache: FDerivedDataBackendGraph:  CompressedPak pak cache file C:/Users/Tommy/Documents/GitHub/Test/MyProject2/DerivedDataCache/Compressed.ddp not found, will not use a pak cache.
[2018.01.05-01.53.58:047][  0]LogDerivedDataCache: Unable to find inner node CompressedPak for hierarchical cache Hierarchy.
[2018.01.05-01.53.58:066][  0]LogDerivedDataCache: Display: Pak cache opened for reading ../../../Engine/DerivedDataCache/Compressed.ddp.
[2018.01.05-01.53.58:078][  0]LogDerivedDataCache: Using Local data cache path C:/Users/Tommy/AppData/Local/UnrealEngine/Common/DerivedDataCache: Writable
[2018.01.05-01.53.58:089][  0]LogMaterial: Verifying Global Shaders for PCD3D_SM5
[2018.01.05-01.53.58:089][  0]LogSlate: Using Freetype 2.6.0
[2018.01.05-01.53.58:090][  0]LogSlate: SlateFontCache - WITH_FREETYPE: 1, WITH_HARFBUZZ: 1
[2018.01.05-01.53.58:090][  0]LogSlate: SlateFontCache - WITH_FREETYPE: 1, WITH_HARFBUZZ: 1
[2018.01.05-01.53.58:494][  0]LogInit: Selected Device Profile: [Windows]
[2018.01.05-01.53.58:782][  0]LogSimplygon: Simplygon DLL not present - disabling.
[2018.01.05-01.53.58:816][  0]LogMeshReduction: Using SimplygonSwarm for distributed automatic mesh merging
[2018.01.05-01.53.58:816][  0]LogMeshReduction: Using QuadricMeshReduction for automatic static mesh reduction
[2018.01.05-01.53.58:816][  0]LogMeshReduction: No automatic skeletal mesh reduction module available
[2018.01.05-01.53.58:816][  0]LogMeshReduction: No automatic mesh merging module available
[2018.01.05-01.53.58:816][  0]LogMeshMerging: No automatic mesh merging module available
[2018.01.05-01.53.58:852][  0]LogNetVersion: MyProject2 , NetCL: 3709383, EngineNetVer: 2, GameNetVer: 0 (Checksum: 4016851739)
[2018.01.05-01.53.59:014][  0]LogAssetRegistry: FAssetRegistry took 0.0271 seconds to start up
[2018.01.05-01.53.59:541][  0]LogPackageLocalizationCache: Processed 7 localized package path(s) for 2 prioritized culture(s) in 0.091466 seconds
[2018.01.05-01.53.59:548][  0]LogUObjectArray: 35900 objects as part of root set at end of initial load.
[2018.01.05-01.53.59:548][  0]LogUObjectAllocator: 7372024 out of 0 bytes used by permanent object pool.
[2018.01.05-01.53.59:548][  0]LogUObjectArray: CloseDisregardForGC: 0/0 objects in disregard for GC pool
[2018.01.05-01.53.59:591][  0]LogInit: WinSock: version 1.1 (2.2), MaxSocks=32767, MaxUdp=65467
[2018.01.05-01.54.02:085][  0]LogTcpMessaging: Initializing TcpMessaging bridge
[2018.01.05-01.54.02:136][  0]LogUdpMessaging: Initializing bridge on interface 0.0.0.0:0 to multicast group 230.0.0.1:6666.
[2018.01.05-01.54.02:748][  0]LogMaterial: Uniform references updated for custom material expression Custom.
[2018.01.05-01.54.03:127][  0]SourceControl: Source control is disabled
[2018.01.05-01.54.03:127][  0]SourceControl: Source control is disabled
[2018.01.05-01.54.03:183][  0]SourceControl: Source control is disabled
[2018.01.05-01.54.03:229][  0]SourceControl: Source control is disabled
[2018.01.05-01.54.04:000][  0]LogAndroidPermission: UAndroidPermissionCallbackProxy::GetInstance
[2018.01.05-01.54.04:238][  0]LogOcInput: OculusInput pre-init called
[2018.01.05-01.54.04:501][  0]LogEngine: Initializing Engine...
[2018.01.05-01.54.04:506][  0]LogHMD: Failed to initialize OpenVR with code 105
[2018.01.05-01.54.04:734][  0]LogStats: UGameplayTagsManager::ConstructGameplayTagTree: Construct from data asset -  0.000 s
[2018.01.05-01.54.04:734][  0]LogStats: UGameplayTagsManager::ConstructGameplayTagTree: GameplayTagTreeChangedEvent.Broadcast -  0.000 s
[2018.01.05-01.54.04:851][  0]LogAIModule: Creating AISystem for world Untitled
[2018.01.05-01.54.04:879][  0]LogInit: XAudio2 using 'Speakers (Logitech G933 Gaming Headset)' : 6 channels at 48 kHz using 16 bits per sample (channel mask 0x3f)
[2018.01.05-01.54.04:901][  0]LogInit: FAudioDevice initialized.
[2018.01.05-01.54.05:003][  0]LogDerivedDataCache: Saved boot cache 0.10s 78MB C:/Users/Tommy/AppData/Local/UnrealEngine/4.18/DerivedDataCache/Boot.ddc.
[2018.01.05-01.54.05:019][  0]LogInit: Texture streaming: Enabled
[2018.01.05-01.54.05:103][  0]LogEngineSessionManager: EngineSessionManager initialized
[2018.01.05-01.54.05:217][  0]LogInit: Transaction tracking system initialized
[2018.01.05-01.54.05:472][  0]BlueprintLog: New page: Editor Load
[2018.01.05-01.54.06:225][  0]LocalizationService: Localization service is disabled
[2018.01.05-01.54.06:870][  0]LogConsoleResponse: Display: 
[2018.01.05-01.54.07:046][  0]LogFileCache: Scanning file cache for directory 'C:/Users/Tommy/Documents/GitHub/Test/MyProject2/Content/' took 0.01s
[2018.01.05-01.54.07:046][  0]LogCook: Display: Max memory allowance for cook 16384mb min free memory 0mb
[2018.01.05-01.54.07:047][  0]LogCook: Display: Mobile HDR setting 1
[2018.01.05-01.54.07:047][  0]LogGameplayTags: Display: UGameplayTagsManager::DoneAddingNativeTags. DelegateIsBound: 0
[2018.01.05-01.54.08:100][  0]SourceControl: Source control is disabled
[2018.01.05-01.54.08:100][  0]Cmd: MAP LOAD FILE="../../../Engine/Content/Maps/Templates/Template_Default.umap" TEMPLATE=1 SHOWPROGRESS=1 FEATURELEVEL=3
[2018.01.05-01.54.08:100][  0]LightingResults: New page: Lighting Build
[2018.01.05-01.54.08:135][  0]MapCheck: New page: Map Check
[2018.01.05-01.54.08:135][  0]LightingResults: New page: Lighting Build
[2018.01.05-01.54.08:400][  0]LogAIModule: Creating AISystem for world Untitled_1
[2018.01.05-01.54.08:406][  0]LogEditorServer: Finished looking for orphan Actors (0.000 secs)
[2018.01.05-01.54.08:440][  0]Cmd: MAP CHECKDEP NOCLEARLOG
[2018.01.05-01.54.08:481][  0]MapCheck: Map check complete: 0 Error(s), 0 Warning(s), took 41.368ms to complete.
[2018.01.05-01.54.08:481][  0]LogFileHelpers: Loading map 'Template_Default' took 0.381
[2018.01.05-01.54.08:691][  0]LogCollectionManager: Loaded 0 collections in 0.001749 seconds
[2018.01.05-01.54.08:781][  0]LogFileCache: Scanning file cache for directory 'C:/Users/Tommy/Documents/GitHub/Test/MyProject2/Saved/Collections/' took 0.01s
[2018.01.05-01.54.08:781][  0]LogFileCache: Scanning file cache for directory 'C:/Users/Tommy/Documents/GitHub/Test/MyProject2/Content/Developers/Tommy/Collections/' took 0.01s
[2018.01.05-01.54.08:781][  0]LogFileCache: Scanning file cache for directory 'C:/Users/Tommy/Documents/GitHub/Test/MyProject2/Content/Collections/' took 0.01s
[2018.01.05-01.54.08:781][  0]LogCollectionManager: Rebuilt the GUID cache for 0 collections in 0.000000 seconds
[2018.01.05-01.54.08:792][  0]LogContentBrowser: Native class hierarchy populated in 0.0109 seconds. Added 2363 classes and 519 folders.
[2018.01.05-01.54.08:848][  0]LogContentBrowser: Native class hierarchy updated for 'WidgetCarousel' in 0.0003 seconds. Added 0 classes and 0 folders.
[2018.01.05-01.54.08:895][  0]LogContentBrowser: Native class hierarchy updated for 'AddContentDialog' in 0.0003 seconds. Added 0 classes and 0 folders.
[2018.01.05-01.54.08:932][  0]LogContentBrowser: Native class hierarchy updated for 'SceneOutliner' in 0.0003 seconds. Added 1 classes and 2 folders.
[2018.01.05-01.54.08:949][  0]LogSlate: Took 0.000251 seconds to synchronously load lazily loaded font '../../../Engine/Content/Slate/Fonts/Roboto-Regular.ttf' (155K)
[2018.01.05-01.54.08:952][  0]LogSlate: Took 0.000276 seconds to synchronously load lazily loaded font '../../../Engine/Content/Slate/Fonts/Roboto-Bold.ttf' (160K)
[2018.01.05-01.54.08:958][  0]LogSlate: Took 0.000242 seconds to synchronously load lazily loaded font '../../../Engine/Content/Editor/Slate/Fonts/FontAwesome.ttf' (139K)
[2018.01.05-01.54.09:052][  0]LogRenderer: Reallocating scene render targets to support 1616x808 Format 10 NumSamples 1 (Frame:1).
[2018.01.05-01.54.09:293][  0]LogContentBrowser: Native class hierarchy updated for 'HierarchicalLODOutliner' in 0.0003 seconds. Added 1 classes and 2 folders.
[2018.01.05-01.54.09:293][  0]LogLoad: (Engine Initialization) Total time: 17.57 seconds
[2018.01.05-01.54.09:293][  0]LogLoad: (Engine Initialization) Total Blueprint compile time: 0.00 seconds
[2018.01.05-01.54.09:294][  0]LogExternalProfiler: No external profilers were discovered.  External profiling features will not be available.
[2018.01.05-01.54.09:303][  0]LogWindowsTextInputMethodSystem: Display: IME system now deactivated.
[2018.01.05-01.54.09:326][  0]LogContentStreaming: Texture pool size now 1000 MB
[2018.01.05-01.54.20:246][561]LogAssetRegistry: Asset discovery search completed in 21.2547 seconds
[2018.01.05-01.54.20:248][561]LogCollectionManager: Rebuilt the object cache for 0 collections in 0.000000 seconds (found 0 objects)
[2018.01.05-01.54.20:248][561]LogCollectionManager: Fixed up redirectors for 0 collections in 0.000051 seconds (updated 0 objects)
[2018.01.05-01.54.36:833][834]SourceControl: On branch master
[2018.01.05-01.54.36:833][834]SourceControl: Your branch is up-to-date with 'origin/master'.
[2018.01.05-01.54.36:833][834]SourceControl: Untracked files:
[2018.01.05-01.54.36:833][834]SourceControl:   (use "git add <file>..." to include in what will be committed)
[2018.01.05-01.54.36:833][834]SourceControl: 	MyProject2/Intermediate/
[2018.01.05-01.54.36:833][834]SourceControl: 	MyProject2/Saved/
[2018.01.05-01.54.36:833][834]SourceControl: nothing added to commit but untracked files present (use "git add" to track)
[2018.01.05-01.54.50:592][231]LogActorFactory: Actor Factory created Sphere
[2018.01.05-01.54.51:597][263]LogActorFactory: Actor Factory created Sphere
[2018.01.05-01.54.51:793][264]SourceControl: fatal: /Temp/Untitled_1: '/Temp/Untitled_1' is outside repository
[2018.01.05-01.55.04:333][643]LogEditorViewport: Clicking on Actor (LMB): BP_Sky_Sphere_C (Sky Sphere)
[2018.01.05-01.55.05:714][668]LogEditorViewport: Clicking on Actor (LMB): StaticMeshActor (Sphere)
[2018.01.05-01.55.27:897][ 77]SourceControl: fatal: K:/UE_4.18/Engine/Content/: 'K:/UE_4.18/Engine/Content/' is outside repository
[2018.01.05-01.55.28:047][ 77]EditorErrors: Warning: No assets to check in!
[2018.01.05-01.55.52:996][ 16]SourceControl: fatal: K:/UE_4.18/Engine/Content/: 'K:/UE_4.18/Engine/Content/' is outside repository
[2018.01.05-01.55.53:078][ 16]EditorErrors: Warning: No assets to check in!
[2018.01.05-01.56.53:819][ 38]LogDirectoryWatcher: Warning: Failed to begin reading directory changes for C:/Users/Tommy/Documents/GitHub/Test/MyProject2/Plugins/. Error: The system cannot find the file specified. (0x00000002)
[2018.01.05-01.57.00:290][387]LogDirectoryWatcher: A directory notification for '../../../Engine/Plugins/' was aborted.
[2018.01.05-01.58.18:570][817]LogEditorViewport: Clicking on Actor (LMB): StaticMeshActor (Sphere)
